\BOOKMARK [1][-]{section.1}{Overview}{}% 1
\BOOKMARK [2][-]{subsection.1.1}{Scope}{section.1}% 2
\BOOKMARK [2][-]{subsection.1.2}{Purpose}{section.1}% 3
\BOOKMARK [1][-]{section.2}{Definitions and Acronyms}{}% 4
\BOOKMARK [2][-]{subsection.2.1}{Acronyms}{section.2}% 5
\BOOKMARK [1][-]{section.3}{SCM Management}{}% 6
\BOOKMARK [2][-]{subsection.3.1}{Introduction}{section.3}% 7
\BOOKMARK [2][-]{subsection.3.2}{Roles and Responsibilities}{section.3}% 8
\BOOKMARK [2][-]{subsection.3.3}{Applicable Policies, Directives and Procedure}{section.3}% 9
\BOOKMARK [1][-]{section.4}{SCM Activities}{}% 10
\BOOKMARK [2][-]{subsection.4.1}{Configuration Identification}{section.4}% 11
\BOOKMARK [2][-]{subsection.4.2}{Identifying Configuration Items\(CIs\)}{section.4}% 12
\BOOKMARK [2][-]{subsection.4.3}{Naming Configuration Items}{section.4}% 13
\BOOKMARK [2][-]{subsection.4.4}{Acquiring Configuration items}{section.4}% 14
\BOOKMARK [1][-]{section.5}{Configuration Control}{}% 15
\BOOKMARK [2][-]{subsection.5.1}{Requesting changes}{section.5}% 16
\BOOKMARK [2][-]{subsection.5.2}{Evaluating changes}{section.5}% 17
\BOOKMARK [2][-]{subsection.5.3}{Approving or disapproving change}{section.5}% 18
\BOOKMARK [2][-]{subsection.5.4}{Implementing change}{section.5}% 19
\BOOKMARK [1][-]{section.6}{Configuration Status accounting}{}% 20
\BOOKMARK [1][-]{section.7}{Interface Control}{}% 21
\BOOKMARK [1][-]{section.8}{Release management and delivery}{}% 22
\BOOKMARK [1][-]{section.9}{Resources}{}% 23
\BOOKMARK [1][-]{section.10}{Plan Maintenance}{}% 24
\BOOKMARK [1][-]{section.11}{Reference}{}% 25
